100.12.13 18:11 B C:\web\graphics\callogo.gif --> scumis.scu.edu /home/srdas/public_html/web/graphics callogo.gif
100.12.13 18:11 B C:\web\graphics\moving_smiley.gif --> scumis.scu.edu /home/srdas/public_html/web/graphics moving_smiley.gif
100.12.13 18:11 B C:\web\graphics\penguin.gif --> scumis.scu.edu /home/srdas/public_html/web/graphics penguin.gif
100.12.13 18:11 B C:\web\graphics\scucrest.gif --> scumis.scu.edu /home/srdas/public_html/web/graphics scucrest.gif
100.12.13 18:11 B C:\web\graphics\sculogo.gif --> scumis.scu.edu /home/srdas/public_html/web/graphics sculogo.gif
100.12.13 18:11 B C:\web\graphics\sculogobig.gif --> scumis.scu.edu /home/srdas/public_html/web/graphics sculogobig.gif
100.12.13 18:11 B C:\web\graphics\sculogosmall.gif --> scumis.scu.edu /home/srdas/public_html/web/graphics sculogosmall.gif
100.12.13 18:36 B C:\web\graphics\back2.gif --> scumis.scu.edu /home/srdas/public_html/web/graphics back2.gif
100.12.13 18:36 B C:\web\graphics\callogo.gif --> scumis.scu.edu /home/srdas/public_html/web/graphics callogo.gif
100.12.13 18:36 B C:\web\graphics\moving_smiley.gif --> scumis.scu.edu /home/srdas/public_html/web/graphics moving_smiley.gif
100.12.13 18:36 B C:\web\graphics\penguin.gif --> scumis.scu.edu /home/srdas/public_html/web/graphics penguin.gif
100.12.13 18:36 B C:\web\graphics\scucrest.gif --> scumis.scu.edu /home/srdas/public_html/web/graphics scucrest.gif
100.12.13 18:36 B C:\web\graphics\sculogo.gif --> scumis.scu.edu /home/srdas/public_html/web/graphics sculogo.gif
100.12.13 18:36 B C:\web\graphics\sculogobig.gif --> scumis.scu.edu /home/srdas/public_html/web/graphics sculogobig.gif
100.12.13 18:36 B C:\web\graphics\sculogosmall.gif --> scumis.scu.edu /home/srdas/public_html/web/graphics sculogosmall.gif
100.12.14 07:42 B C:\public_html\graphics\WS_FTP.LOG <-- SCU-MIS /home/srdas/public_html/web/graphics WS_FTP.LOG
100.12.14 23:20 B C:\public_html\graphics\back2.gif --> scumis.scu.edu /home/srdas/public_html/graphics back2.gif
100.12.14 23:20 B C:\public_html\graphics\callogo.gif --> scumis.scu.edu /home/srdas/public_html/graphics callogo.gif
100.12.14 23:20 B C:\public_html\graphics\frog2.gif --> scumis.scu.edu /home/srdas/public_html/graphics frog2.gif
100.12.14 23:20 B C:\public_html\graphics\hippobar.gif --> scumis.scu.edu /home/srdas/public_html/graphics hippobar.gif
100.12.14 23:20 B C:\public_html\graphics\moving_smiley.gif --> scumis.scu.edu /home/srdas/public_html/graphics moving_smiley.gif
100.12.14 23:20 B C:\public_html\graphics\penguin.gif --> scumis.scu.edu /home/srdas/public_html/graphics penguin.gif
100.12.14 23:20 B C:\public_html\graphics\scucrest.gif --> scumis.scu.edu /home/srdas/public_html/graphics scucrest.gif
100.12.14 23:20 B C:\public_html\graphics\sculogo.gif --> scumis.scu.edu /home/srdas/public_html/graphics sculogo.gif
100.12.14 23:20 B C:\public_html\graphics\sculogobig.gif --> scumis.scu.edu /home/srdas/public_html/graphics sculogobig.gif
100.12.14 23:20 B C:\public_html\graphics\sculogosmall.gif --> scumis.scu.edu /home/srdas/public_html/graphics sculogosmall.gif
100.12.14 23:20 B C:\public_html\graphics\WS_FTP.LOG --> scumis.scu.edu /home/srdas/public_html/graphics WS_FTP.LOG
100.12.15 00:09 B C:\public_html\graphics\150_red.gif --> scumis.scu.edu /home/srdas/public_html/graphics 150_red.gif
100.12.15 00:09 B C:\public_html\graphics\back2.gif --> scumis.scu.edu /home/srdas/public_html/graphics back2.gif
100.12.15 00:09 B C:\public_html\graphics\callogo.gif --> scumis.scu.edu /home/srdas/public_html/graphics callogo.gif
100.12.15 00:09 B C:\public_html\graphics\frog2.gif --> scumis.scu.edu /home/srdas/public_html/graphics frog2.gif
100.12.15 00:09 B C:\public_html\graphics\hippobar.gif --> scumis.scu.edu /home/srdas/public_html/graphics hippobar.gif
100.12.15 00:09 B C:\public_html\graphics\moving_smiley.gif --> scumis.scu.edu /home/srdas/public_html/graphics moving_smiley.gif
100.12.15 00:09 B C:\public_html\graphics\penguin.gif --> scumis.scu.edu /home/srdas/public_html/graphics penguin.gif
100.12.15 00:09 B C:\public_html\graphics\scucrest.gif --> scumis.scu.edu /home/srdas/public_html/graphics scucrest.gif
100.12.15 00:09 B C:\public_html\graphics\scucrest_1982.gif --> scumis.scu.edu /home/srdas/public_html/graphics scucrest_1982.gif
100.12.15 00:09 B C:\public_html\graphics\sculogo.gif --> scumis.scu.edu /home/srdas/public_html/graphics sculogo.gif
100.12.15 00:09 B C:\public_html\graphics\sculogobig.gif --> scumis.scu.edu /home/srdas/public_html/graphics sculogobig.gif
100.12.15 00:09 B C:\public_html\graphics\sculogosmall.gif --> scumis.scu.edu /home/srdas/public_html/graphics sculogosmall.gif
100.12.15 00:09 B C:\public_html\graphics\sideinset3.jpg --> scumis.scu.edu /home/srdas/public_html/graphics sideinset3.jpg
100.12.15 00:09 B C:\public_html\graphics\WS_FTP.LOG --> scumis.scu.edu /home/srdas/public_html/graphics WS_FTP.LOG
100.12.15 00:51 B C:\public_html\graphics\150_red.gif --> scumis.scu.edu /home/srdas/public_html/graphics 150_red.gif
100.12.15 00:51 B C:\public_html\graphics\back2.gif --> scumis.scu.edu /home/srdas/public_html/graphics back2.gif
100.12.15 00:51 B C:\public_html\graphics\callogo.gif --> scumis.scu.edu /home/srdas/public_html/graphics callogo.gif
100.12.15 00:51 B C:\public_html\graphics\frog2.gif --> scumis.scu.edu /home/srdas/public_html/graphics frog2.gif
100.12.15 00:51 B C:\public_html\graphics\hippobar.gif --> scumis.scu.edu /home/srdas/public_html/graphics hippobar.gif
100.12.15 00:51 B C:\public_html\graphics\moving_smiley.gif --> scumis.scu.edu /home/srdas/public_html/graphics moving_smiley.gif
100.12.15 00:51 B C:\public_html\graphics\penguin.gif --> scumis.scu.edu /home/srdas/public_html/graphics penguin.gif
100.12.15 00:51 B C:\public_html\graphics\scucrest.gif --> scumis.scu.edu /home/srdas/public_html/graphics scucrest.gif
100.12.15 00:51 B C:\public_html\graphics\scucrest_1982.gif --> scumis.scu.edu /home/srdas/public_html/graphics scucrest_1982.gif
100.12.15 00:51 B C:\public_html\graphics\sculogo.gif --> scumis.scu.edu /home/srdas/public_html/graphics sculogo.gif
100.12.15 00:51 B C:\public_html\graphics\sculogobig.gif --> scumis.scu.edu /home/srdas/public_html/graphics sculogobig.gif
100.12.15 00:51 B C:\public_html\graphics\sculogosmall.gif --> scumis.scu.edu /home/srdas/public_html/graphics sculogosmall.gif
100.12.15 00:51 B C:\public_html\graphics\sideinset3.jpg --> scumis.scu.edu /home/srdas/public_html/graphics sideinset3.jpg
100.12.15 00:51 B C:\public_html\graphics\WS_FTP.LOG --> scumis.scu.edu /home/srdas/public_html/graphics WS_FTP.LOG
100.12.15 01:03 B C:\public_html\graphics\150_red.gif --> scumis.scu.edu /home/srdas/public_html/graphics 150_red.gif
100.12.15 01:03 B C:\public_html\graphics\back2.gif --> scumis.scu.edu /home/srdas/public_html/graphics back2.gif
100.12.15 01:03 B C:\public_html\graphics\callogo.gif --> scumis.scu.edu /home/srdas/public_html/graphics callogo.gif
100.12.15 01:03 B C:\public_html\graphics\frog2.gif --> scumis.scu.edu /home/srdas/public_html/graphics frog2.gif
100.12.15 01:03 B C:\public_html\graphics\hippobar.gif --> scumis.scu.edu /home/srdas/public_html/graphics hippobar.gif
100.12.15 01:03 B C:\public_html\graphics\moving_smiley.gif --> scumis.scu.edu /home/srdas/public_html/graphics moving_smiley.gif
100.12.15 01:03 B C:\public_html\graphics\penguin.gif --> scumis.scu.edu /home/srdas/public_html/graphics penguin.gif
100.12.15 01:03 B C:\public_html\graphics\scucrest.gif --> scumis.scu.edu /home/srdas/public_html/graphics scucrest.gif
100.12.15 01:03 B C:\public_html\graphics\scucrest_1982.gif --> scumis.scu.edu /home/srdas/public_html/graphics scucrest_1982.gif
100.12.15 01:03 B C:\public_html\graphics\sculogo.gif --> scumis.scu.edu /home/srdas/public_html/graphics sculogo.gif
100.12.15 01:03 B C:\public_html\graphics\sculogobig.gif --> scumis.scu.edu /home/srdas/public_html/graphics sculogobig.gif
100.12.15 01:03 B C:\public_html\graphics\sculogosmall.gif --> scumis.scu.edu /home/srdas/public_html/graphics sculogosmall.gif
100.12.15 01:03 B C:\public_html\graphics\sideinset3.jpg --> scumis.scu.edu /home/srdas/public_html/graphics sideinset3.jpg
100.12.15 01:03 B C:\public_html\graphics\WS_FTP.LOG --> scumis.scu.edu /home/srdas/public_html/graphics WS_FTP.LOG
100.12.16 04:03 B C:\public_html\graphics\150_red.gif --> scumis.scu.edu /home/srdas/public_html/graphics 150_red.gif
100.12.16 04:03 B C:\public_html\graphics\back2.gif --> scumis.scu.edu /home/srdas/public_html/graphics back2.gif
100.12.16 04:03 B C:\public_html\graphics\callogo.gif --> scumis.scu.edu /home/srdas/public_html/graphics callogo.gif
100.12.16 04:03 B C:\public_html\graphics\ch_last.gif --> scumis.scu.edu /home/srdas/public_html/graphics ch_last.gif
100.12.16 04:03 B C:\public_html\graphics\frog2.gif --> scumis.scu.edu /home/srdas/public_html/graphics frog2.gif
100.12.16 04:03 B C:\public_html\graphics\hippobar.gif --> scumis.scu.edu /home/srdas/public_html/graphics hippobar.gif
100.12.16 04:03 B C:\public_html\graphics\minorang.gif --> scumis.scu.edu /home/srdas/public_html/graphics minorang.gif
100.12.16 04:03 B C:\public_html\graphics\moving_smiley.gif --> scumis.scu.edu /home/srdas/public_html/graphics moving_smiley.gif
100.12.16 04:03 B C:\public_html\graphics\Peanuts-Last.jpg --> scumis.scu.edu /home/srdas/public_html/graphics Peanuts-Last.jpg
100.12.16 04:04 B C:\public_html\graphics\penguin.gif --> scumis.scu.edu /home/srdas/public_html/graphics penguin.gif
100.12.16 04:04 B C:\public_html\graphics\promo.jpg --> scumis.scu.edu /home/srdas/public_html/graphics promo.jpg
100.12.16 04:04 B C:\public_html\graphics\scucrest.gif --> scumis.scu.edu /home/srdas/public_html/graphics scucrest.gif
100.12.16 04:04 B C:\public_html\graphics\scucrest_1982.gif --> scumis.scu.edu /home/srdas/public_html/graphics scucrest_1982.gif
100.12.16 04:04 B C:\public_html\graphics\sculogo.gif --> scumis.scu.edu /home/srdas/public_html/graphics sculogo.gif
100.12.16 04:04 B C:\public_html\graphics\sculogobig.gif --> scumis.scu.edu /home/srdas/public_html/graphics sculogobig.gif
100.12.16 04:04 B C:\public_html\graphics\sculogosmall.gif --> scumis.scu.edu /home/srdas/public_html/graphics sculogosmall.gif
100.12.16 04:04 B C:\public_html\graphics\sideinset3.jpg --> scumis.scu.edu /home/srdas/public_html/graphics sideinset3.jpg
100.12.16 04:04 B C:\public_html\graphics\sleep.jpg --> scumis.scu.edu /home/srdas/public_html/graphics sleep.jpg
