vti_encoding:SR|utf8-nl
100.12.13 18:36 B C:
vti_timelastmodified:TR|14 Dec 2000 02:11:40 -0000
vti_extenderversion:SR|4.0.2.2717
100.12.14 07:42 B C:
100.12.14 23:20 B C:
100.12.15 00:51 B C:
100.12.15 01:03 B C:
100.12.16 04:03 B C:\public_html\graphics\_vti_cnf\150_red.gif --> scumis.scu.edu /home/srdas/public_html/graphics/_vti_cnf 150_red.gif
100.12.16 04:03 B C:\public_html\graphics\_vti_cnf\back2.gif --> scumis.scu.edu /home/srdas/public_html/graphics/_vti_cnf back2.gif
100.12.16 04:03 B C:\public_html\graphics\_vti_cnf\callogo.gif --> scumis.scu.edu /home/srdas/public_html/graphics/_vti_cnf callogo.gif
100.12.16 04:03 B C:\public_html\graphics\_vti_cnf\ch_last.gif --> scumis.scu.edu /home/srdas/public_html/graphics/_vti_cnf ch_last.gif
100.12.16 04:03 B C:\public_html\graphics\_vti_cnf\frog2.gif --> scumis.scu.edu /home/srdas/public_html/graphics/_vti_cnf frog2.gif
100.12.16 04:03 B C:\public_html\graphics\_vti_cnf\hippobar.gif --> scumis.scu.edu /home/srdas/public_html/graphics/_vti_cnf hippobar.gif
100.12.16 04:03 B C:\public_html\graphics\_vti_cnf\minorang.gif --> scumis.scu.edu /home/srdas/public_html/graphics/_vti_cnf minorang.gif
100.12.16 04:03 B C:\public_html\graphics\_vti_cnf\moving_smiley.gif --> scumis.scu.edu /home/srdas/public_html/graphics/_vti_cnf moving_smiley.gif
100.12.16 04:03 B C:\public_html\graphics\_vti_cnf\Peanuts-Last.jpg --> scumis.scu.edu /home/srdas/public_html/graphics/_vti_cnf Peanuts-Last.jpg
100.12.16 04:03 B C:\public_html\graphics\_vti_cnf\penguin.gif --> scumis.scu.edu /home/srdas/public_html/graphics/_vti_cnf penguin.gif
100.12.16 04:03 B C:\public_html\graphics\_vti_cnf\promo.jpg --> scumis.scu.edu /home/srdas/public_html/graphics/_vti_cnf promo.jpg
100.12.16 04:03 B C:\public_html\graphics\_vti_cnf\scucrest.gif --> scumis.scu.edu /home/srdas/public_html/graphics/_vti_cnf scucrest.gif
100.12.16 04:03 B C:\public_html\graphics\_vti_cnf\scucrest_1982.gif --> scumis.scu.edu /home/srdas/public_html/graphics/_vti_cnf scucrest_1982.gif
100.12.16 04:03 B C:\public_html\graphics\_vti_cnf\sculogo.gif --> scumis.scu.edu /home/srdas/public_html/graphics/_vti_cnf sculogo.gif
100.12.16 04:03 B C:\public_html\graphics\_vti_cnf\sculogobig.gif --> scumis.scu.edu /home/srdas/public_html/graphics/_vti_cnf sculogobig.gif
100.12.16 04:03 B C:\public_html\graphics\_vti_cnf\sculogosmall.gif --> scumis.scu.edu /home/srdas/public_html/graphics/_vti_cnf sculogosmall.gif
100.12.16 04:03 B C:\public_html\graphics\_vti_cnf\sideinset3.jpg --> scumis.scu.edu /home/srdas/public_html/graphics/_vti_cnf sideinset3.jpg
100.12.16 04:03 B C:\public_html\graphics\_vti_cnf\sleep.jpg --> scumis.scu.edu /home/srdas/public_html/graphics/_vti_cnf sleep.jpg
